Arguments: 
  C:\Program Files\nodejs\node.exe C:\Users\Night\AppData\Local\node\corepack\yarn\1.22.19\bin\yarn.js

PATH: 
  C:\Program Files (x86)\Common Files\Oracle\Java\javapath;c:\devkitPro\msys2\usr\bin;C:\Program Files\Eclipse Adoptium\jdk-17.0.6.10-hotspot\bin;C:\Windows\system32;C:\Windows;C:\Windows\System32\Wbem;C:\Windows\System32\WindowsPowerShell\v1.0\;C:\Windows\System32\OpenSSH\;C:\Program Files\VSCodium\bin;C:\Program Files\gs\gs10.00.0\bin;C:\Program Files\Inkscape\bin;C:\Program Files\nodejs\;C:\ProgramData\chocolatey\bin;C:\Program Files\Docker\Docker\resources\bin;C:\Program Files\NVIDIA Corporation\NVIDIA NvDLISR;C:\Program Files (x86)\NVIDIA Corporation\PhysX\Common;C:\Program Files\Git\cmd;C:\Users\Night\AppData\Local\pnpm;C:\Ruby32-x64\bin;C:\Users\Night\AppData\Local\Programs\Python\Python311\Scripts\;C:\Users\Night\AppData\Local\Programs\Python\Python311\;C:\Users\Night\AppData\Local\Microsoft\WindowsApps;C:\Users\Night\.deno\bin;C:\Users\Night\AppData\Local\GitHubDesktop\bin;C:\Users\Night\Applications\gradle-8.0.1\bin;C:\Users\Night\AppData\Roaming\Amazon;C:\Users\Night\AppData\Roaming\npm;C:\platform-tools;C:\Program Files\OpenSSL-Win64\bin;

Yarn version: 
  1.22.19

Node version: 
  19.8.1

Platform: 
  win32 x64

Trace: 
  Error: UNKNOWN: unknown error, lstat 'C:\Users\Night\Documents\GitHub\KosherZmanim\node_modules\eslint-import-resolver-node\node_modules\debug'

npm manifest: 
  {
    "name": "kosher-zmanim",
    "version": "0.8.2",
    "description": "A library for calculating zmanim, based on KosherJava.",
    "author": "BehindTheMath",
    "license": "LGPL-3.0",
    "bugs": "BehindTheMath/KosherZmanim/issues",
    "homepage": "BehindTheMath/KosherZmanim",
    "repository": "BehindTheMath/KosherZmanim",
    "main": "dist/lib-cjs/kosher-zmanim.js",
    "types": "dist/types/kosher-zmanim.d.ts",
    "module": "dist/lib-es6/kosher-zmanim.js",
    "type": "module",
    "scripts": {
      "clean": "rimraf dist/* -g",
      "build": "npm run clean && npm run build:all && npm run webpack",
      "build:all": "npm run build:cjs && npm run build:es6 && npm run build:types",
      "build:cjs": "tsc -p ./src/",
      "build:es6": "tsc -p ./src/tsconfig-es6.json",
      "build:types": "tsc -p ./src/tsconfig-types.json",
      "lint": "eslint --ext .ts src tests",
      "test": "ts-mocha -p tests/tsconfig.json tests/**/*.test.ts",
      "prepublishOnly": "npm run build",
      "webpack": "webpack"
    },
    "keywords": [
      "zmanim",
      "zman",
      "kosherzmanim",
      "kosher-zmanim",
      "kosherjava"
    ],
    "unpkg": "dist/kosher-zmanim.min.js",
    "files": [
      "dist/*"
    ],
    "dependencies": {
      "big.js": "^6.2.1",
      "luxon": "^3.3.0"
    },
    "devDependencies": {
      "@rollup/plugin-node-resolve": "^15.1.0",
      "@types/big.js": "^6.1.6",
      "@types/chai": "^4.3.5",
      "@types/luxon": "^3.3.0",
      "@types/mocha": "^10.0.1",
      "@types/node": "^20.3.1",
      "@typescript-eslint/eslint-plugin": "^5.60.0",
      "@typescript-eslint/parser": "^5.60.0",
      "chai": "^4.3.7",
      "esbuild": "^0.18.8",
      "eslint": "^8.43.0",
      "eslint-config-airbnb": "^19.0.4",
      "eslint-config-airbnb-typescript": "^17.0.0",
      "eslint-plugin-import": "^2.27.5",
      "mocha": "^10.2.0",
      "rimraf": "^5.0.1",
      "rollup-plugin-dts": "^5.3.0",
      "rollup-plugin-esbuild": "^5.0.0",
      "ts-loader": "^9.4.3",
      "ts-mocha": "^10.0.0",
      "ts-node": "^10.9.1",
      "typescript": "^5.1.3",
      "uglifyjs-webpack-plugin": "^2.2.0",
      "webpack": "^5.88.0",
      "webpack-cli": "^5.1.4"
    }
  }

yarn manifest: 
  No manifest

Lockfile: 
  No lockfile
